<?xml version="1.0" encoding="UTF-8"?>
<testsuite name="Academy Choucair" tests="1" skipped="0" failures="0" errors="0" timestamp="2021-08-05T13:31:09" hostname="CHEMPPF1LWR55" time="95.952">
  <properties/>
  <testcase name="Search for a automation course" classname="Academy Choucair" time="95.952"/>
  <system-out><![CDATA[]]></system-out>
  <system-err><![CDATA[[Test worker] WARN net.thucydides.core.steps.BaseStepListener - stepStarted: net.thucydides.core.steps.ExecutedStepDescription@372c734b
[Test worker] WARN net.thucydides.core.steps.BaseStepListener - stepStarted: net.thucydides.core.steps.ExecutedStepDescription@2dedb2f7
[Test worker] WARN net.thucydides.core.steps.BaseStepListener - stepStarted: net.thucydides.core.steps.ExecutedStepDescription@6c1740ea
ago 05, 2021 8:31:10 AM org.openqa.selenium.remote.DesiredCapabilities chrome
INFORMACIÓN: Using `new ChromeOptions()` is preferred to `DesiredCapabilities.chrome()`
[Test worker] INFO net.serenitybdd.core.webdriver.driverproviders.ProvideNewDriver - Instantiating driver
[Test worker] INFO net.serenitybdd.core.webdriver.driverproviders.ProvideNewDriver - Driver capabilities: Capabilities {acceptInsecureCerts: false, browserName: chrome, chrome.switches: --start-maximized, goog:chromeOptions: {args: [--start-maximized], extensions: []}, loggingPrefs: org.openqa.selenium.logging..., platform: ANY, version: }
Starting ChromeDriver 92.0.4515.107 (87a818b10553a07434ea9e2b6dccf3cbe7895134-refs/branch-heads/4515@{#1634}) on port 42442
Only local connections are allowed.
Please see https://chromedriver.chromium.org/security-considerations for suggestions on keeping ChromeDriver safe.
ChromeDriver was started successfully.
ago 05, 2021 8:31:13 AM org.openqa.selenium.remote.ProtocolHandshake createSession
INFORMACIÓN: Detected dialect: W3C
[Test worker] WARN net.thucydides.core.steps.BaseStepListener - stepFinished: current outcome:Search for a automation course:Given the diego wants to learn automation at the academy Choucair
| strUser | strPassword |
| dmartinezb | Choucair2021* | [Diego open up [Diego opens the Choucair academy page]]
[Test worker] WARN net.thucydides.core.steps.BaseStepListener - stepFinished: current outcome:Search for a automation course:Given the diego wants to learn automation at the academy Choucair
| strUser | strPassword |
| dmartinezb | Choucair2021* | [Diego open up [Diego opens the Choucair academy page]]
[Test worker] WARN net.thucydides.core.steps.BaseStepListener - stepStarted: net.thucydides.core.steps.ExecutedStepDescription@710a87df
[Test worker] WARN net.thucydides.core.steps.BaseStepListener - stepStarted: net.thucydides.core.steps.ExecutedStepDescription@49e823a8
[Test worker] WARN net.thucydides.core.steps.BaseStepListener - stepFinished: current outcome:Search for a automation course:Given the diego wants to learn automation at the academy Choucair
| strUser | strPassword |
| dmartinezb | Choucair2021* | [Diego open up [Diego opens the Choucair academy page], Diego login [Diego clicks on Boton para iniciar sesion]]
[Test worker] WARN net.thucydides.core.steps.BaseStepListener - stepStarted: net.thucydides.core.steps.ExecutedStepDescription@657ccf22
[Test worker] WARN net.thucydides.core.steps.BaseStepListener - stepFinished: current outcome:Search for a automation course:Given the diego wants to learn automation at the academy Choucair
| strUser | strPassword |
| dmartinezb | Choucair2021* | [Diego open up [Diego opens the Choucair academy page], Diego login [Diego clicks on Boton para iniciar sesion, Diego enters 'dmartinezb' into Campo para ingresar usuario]]
[Test worker] WARN net.thucydides.core.steps.BaseStepListener - stepStarted: net.thucydides.core.steps.ExecutedStepDescription@3b319a5d
[Test worker] WARN net.thucydides.core.steps.BaseStepListener - stepFinished: current outcome:Search for a automation course:Given the diego wants to learn automation at the academy Choucair
| strUser | strPassword |
| dmartinezb | Choucair2021* | [Diego open up [Diego opens the Choucair academy page], Diego login [Diego clicks on Boton para iniciar sesion, Diego enters 'dmartinezb' into Campo para ingresar usuario, Diego enters 'Choucair2021*' into Campo para ingresar la contraseÃ±a]]
[Test worker] WARN net.thucydides.core.steps.BaseStepListener - stepStarted: net.thucydides.core.steps.ExecutedStepDescription@dca20f0
[Test worker] WARN net.thucydides.core.steps.BaseStepListener - stepFinished: current outcome:Search for a automation course:Given the diego wants to learn automation at the academy Choucair
| strUser | strPassword |
| dmartinezb | Choucair2021* | [Diego open up [Diego opens the Choucair academy page], Diego login [Diego clicks on Boton para iniciar sesion, Diego enters 'dmartinezb' into Campo para ingresar usuario, Diego enters 'Choucair2021*' into Campo para ingresar la contraseÃ±a, Diego clicks on Boton de accder]]
[Test worker] WARN net.thucydides.core.steps.BaseStepListener - stepFinished: current outcome:Search for a automation course:Given the diego wants to learn automation at the academy Choucair
| strUser | strPassword |
| dmartinezb | Choucair2021* | [Diego open up [Diego opens the Choucair academy page], Diego login [Diego clicks on Boton para iniciar sesion, Diego enters 'dmartinezb' into Campo para ingresar usuario, Diego enters 'Choucair2021*' into Campo para ingresar la contraseÃ±a, Diego clicks on Boton de accder]]
[Test worker] WARN net.thucydides.core.steps.BaseStepListener - stepFinished: current outcome:Search for a automation course:Given the diego wants to learn automation at the academy Choucair
| strUser | strPassword |
| dmartinezb | Choucair2021* | [Diego open up [Diego opens the Choucair academy page], Diego login [Diego clicks on Boton para iniciar sesion, Diego enters 'dmartinezb' into Campo para ingresar usuario, Diego enters 'Choucair2021*' into Campo para ingresar la contraseÃ±a, Diego clicks on Boton de accder]]
[Test worker] WARN net.thucydides.core.steps.BaseStepListener - stepStarted: net.thucydides.core.steps.ExecutedStepDescription@10629130
[Test worker] WARN net.thucydides.core.steps.BaseStepListener - stepStarted: net.thucydides.core.steps.ExecutedStepDescription@1c71fdcd
[Test worker] WARN net.thucydides.core.steps.BaseStepListener - stepStarted: net.thucydides.core.steps.ExecutedStepDescription@63b3ce42
[Test worker] WARN net.thucydides.core.steps.BaseStepListener - stepFinished: current outcome:Search for a automation course:Given the diego wants to learn automation at the academy Choucair
| strUser | strPassword |
| dmartinezb | Choucair2021* | [Diego open up [Diego opens the Choucair academy page], Diego login [Diego clicks on Boton para iniciar sesion, Diego enters 'dmartinezb' into Campo para ingresar usuario, Diego enters 'Choucair2021*' into Campo para ingresar la contraseÃ±a, Diego clicks on Boton de accder]], When he search for the course Cucumber - SerenityBDD + Screenplay (WEB) on the choucair academy platform
| strCourse |
| Cucumber - SerenityBDD + Screenplay (WEB) | [Diego search [Diego clicks on Selecciona Universidad Choucair]]
[Test worker] WARN net.thucydides.core.steps.BaseStepListener - stepStarted: net.thucydides.core.steps.ExecutedStepDescription@519907aa
[Test worker] WARN net.thucydides.core.steps.BaseStepListener - stepFinished: current outcome:Search for a automation course:Given the diego wants to learn automation at the academy Choucair
| strUser | strPassword |
| dmartinezb | Choucair2021* | [Diego open up [Diego opens the Choucair academy page], Diego login [Diego clicks on Boton para iniciar sesion, Diego enters 'dmartinezb' into Campo para ingresar usuario, Diego enters 'Choucair2021*' into Campo para ingresar la contraseÃ±a, Diego clicks on Boton de accder]], When he search for the course Cucumber - SerenityBDD + Screenplay (WEB) on the choucair academy platform
| strCourse |
| Cucumber - SerenityBDD + Screenplay (WEB) | [Diego search [Diego clicks on Selecciona Universidad Choucair, Diego enters 'Cucumber - SerenityBDD + Screenplay (WEB)' into Campo para ingresar el curso]]
[Test worker] WARN net.thucydides.core.steps.BaseStepListener - stepStarted: net.thucydides.core.steps.ExecutedStepDescription@7fb3e2e7
[Test worker] WARN net.thucydides.core.steps.BaseStepListener - stepFinished: current outcome:Search for a automation course:Given the diego wants to learn automation at the academy Choucair
| strUser | strPassword |
| dmartinezb | Choucair2021* | [Diego open up [Diego opens the Choucair academy page], Diego login [Diego clicks on Boton para iniciar sesion, Diego enters 'dmartinezb' into Campo para ingresar usuario, Diego enters 'Choucair2021*' into Campo para ingresar la contraseÃ±a, Diego clicks on Boton de accder]], When he search for the course Cucumber - SerenityBDD + Screenplay (WEB) on the choucair academy platform
| strCourse |
| Cucumber - SerenityBDD + Screenplay (WEB) | [Diego search [Diego clicks on Selecciona Universidad Choucair, Diego enters 'Cucumber - SerenityBDD + Screenplay (WEB)' into Campo para ingresar el curso, Diego clicks on Dar click para buscar curso]]
[Test worker] WARN net.thucydides.core.steps.BaseStepListener - stepStarted: net.thucydides.core.steps.ExecutedStepDescription@3ade2d83
[Test worker] WARN net.thucydides.core.steps.BaseStepListener - stepFinished: current outcome:Search for a automation course:Given the diego wants to learn automation at the academy Choucair
| strUser | strPassword |
| dmartinezb | Choucair2021* | [Diego open up [Diego opens the Choucair academy page], Diego login [Diego clicks on Boton para iniciar sesion, Diego enters 'dmartinezb' into Campo para ingresar usuario, Diego enters 'Choucair2021*' into Campo para ingresar la contraseÃ±a, Diego clicks on Boton de accder]], When he search for the course Cucumber - SerenityBDD + Screenplay (WEB) on the choucair academy platform
| strCourse |
| Cucumber - SerenityBDD + Screenplay (WEB) | [Diego search [Diego clicks on Selecciona Universidad Choucair, Diego enters 'Cucumber - SerenityBDD + Screenplay (WEB)' into Campo para ingresar el curso, Diego clicks on Dar click para buscar curso, Diego clicks on Seleccionar curso]]
[Test worker] WARN net.thucydides.core.steps.BaseStepListener - stepFinished: current outcome:Search for a automation course:Given the diego wants to learn automation at the academy Choucair
| strUser | strPassword |
| dmartinezb | Choucair2021* | [Diego open up [Diego opens the Choucair academy page], Diego login [Diego clicks on Boton para iniciar sesion, Diego enters 'dmartinezb' into Campo para ingresar usuario, Diego enters 'Choucair2021*' into Campo para ingresar la contraseÃ±a, Diego clicks on Boton de accder]], When he search for the course Cucumber - SerenityBDD + Screenplay (WEB) on the choucair academy platform
| strCourse |
| Cucumber - SerenityBDD + Screenplay (WEB) | [Diego search [Diego clicks on Selecciona Universidad Choucair, Diego enters 'Cucumber - SerenityBDD + Screenplay (WEB)' into Campo para ingresar el curso, Diego clicks on Dar click para buscar curso, Diego clicks on Seleccionar curso]]
[Test worker] WARN net.thucydides.core.steps.BaseStepListener - stepFinished: current outcome:Search for a automation course:Given the diego wants to learn automation at the academy Choucair
| strUser | strPassword |
| dmartinezb | Choucair2021* | [Diego open up [Diego opens the Choucair academy page], Diego login [Diego clicks on Boton para iniciar sesion, Diego enters 'dmartinezb' into Campo para ingresar usuario, Diego enters 'Choucair2021*' into Campo para ingresar la contraseÃ±a, Diego clicks on Boton de accder]], When he search for the course Cucumber - SerenityBDD + Screenplay (WEB) on the choucair academy platform
| strCourse |
| Cucumber - SerenityBDD + Screenplay (WEB) | [Diego search [Diego clicks on Selecciona Universidad Choucair, Diego enters 'Cucumber - SerenityBDD + Screenplay (WEB)' into Campo para ingresar el curso, Diego clicks on Dar click para buscar curso, Diego clicks on Seleccionar curso]]
[Test worker] WARN net.thucydides.core.steps.BaseStepListener - stepStarted: net.thucydides.core.steps.ExecutedStepDescription@5cbf9e66
[Test worker] WARN net.thucydides.core.steps.BaseStepListener - stepStarted: net.thucydides.core.steps.ExecutedStepDescription@a6e2e8f
[Test worker] WARN net.thucydides.core.steps.BaseStepListener - stepFinished: current outcome:Search for a automation course:Given the diego wants to learn automation at the academy Choucair
| strUser | strPassword |
| dmartinezb | Choucair2021* | [Diego open up [Diego opens the Choucair academy page], Diego login [Diego clicks on Boton para iniciar sesion, Diego enters 'dmartinezb' into Campo para ingresar usuario, Diego enters 'Choucair2021*' into Campo para ingresar la contraseÃ±a, Diego clicks on Boton de accder]], When he search for the course Cucumber - SerenityBDD + Screenplay (WEB) on the choucair academy platform
| strCourse |
| Cucumber - SerenityBDD + Screenplay (WEB) | [Diego search [Diego clicks on Selecciona Universidad Choucair, Diego enters 'Cucumber - SerenityBDD + Screenplay (WEB)' into Campo para ingresar el curso, Diego clicks on Dar click para buscar curso, Diego clicks on Seleccionar curso]], Then he finds the course called resources Cucumber - SerenityBDD + Screenplay (WEB)
| strCourse |
| Cucumber - SerenityBDD + Screenplay (WEB) | [Then answer]
[Test worker] WARN net.thucydides.core.steps.BaseStepListener - stepFinished: current outcome:Search for a automation course:Given the diego wants to learn automation at the academy Choucair
| strUser | strPassword |
| dmartinezb | Choucair2021* | [Diego open up [Diego opens the Choucair academy page], Diego login [Diego clicks on Boton para iniciar sesion, Diego enters 'dmartinezb' into Campo para ingresar usuario, Diego enters 'Choucair2021*' into Campo para ingresar la contraseÃ±a, Diego clicks on Boton de accder]], When he search for the course Cucumber - SerenityBDD + Screenplay (WEB) on the choucair academy platform
| strCourse |
| Cucumber - SerenityBDD + Screenplay (WEB) | [Diego search [Diego clicks on Selecciona Universidad Choucair, Diego enters 'Cucumber - SerenityBDD + Screenplay (WEB)' into Campo para ingresar el curso, Diego clicks on Dar click para buscar curso, Diego clicks on Seleccionar curso]], Then he finds the course called resources Cucumber - SerenityBDD + Screenplay (WEB)
| strCourse |
| Cucumber - SerenityBDD + Screenplay (WEB) | [Then answer]
[Test worker] WARN net.thucydides.core.steps.BaseStepListener - testFinished: Search for a automation course:Given the diego wants to learn automation at the academy Choucair
| strUser | strPassword |
| dmartinezb | Choucair2021* | [Diego open up [Diego opens the Choucair academy page], Diego login [Diego clicks on Boton para iniciar sesion, Diego enters 'dmartinezb' into Campo para ingresar usuario, Diego enters 'Choucair2021*' into Campo para ingresar la contraseÃ±a, Diego clicks on Boton de accder]], When he search for the course Cucumber - SerenityBDD + Screenplay (WEB) on the choucair academy platform
| strCourse |
| Cucumber - SerenityBDD + Screenplay (WEB) | [Diego search [Diego clicks on Selecciona Universidad Choucair, Diego enters 'Cucumber - SerenityBDD + Screenplay (WEB)' into Campo para ingresar el curso, Diego clicks on Dar click para buscar curso, Diego clicks on Seleccionar curso]], Then he finds the course called resources Cucumber - SerenityBDD + Screenplay (WEB)
| strCourse |
| Cucumber - SerenityBDD + Screenplay (WEB) | [Then answer]
[Test worker] WARN net.thucydides.core.steps.BaseStepListener - TestOutcomes: [Search for a automation course:Given the diego wants to learn automation at the academy Choucair
| strUser | strPassword |
| dmartinezb | Choucair2021* | [Diego open up [Diego opens the Choucair academy page], Diego login [Diego clicks on Boton para iniciar sesion, Diego enters 'dmartinezb' into Campo para ingresar usuario, Diego enters 'Choucair2021*' into Campo para ingresar la contraseÃ±a, Diego clicks on Boton de accder]], When he search for the course Cucumber - SerenityBDD + Screenplay (WEB) on the choucair academy platform
| strCourse |
| Cucumber - SerenityBDD + Screenplay (WEB) | [Diego search [Diego clicks on Selecciona Universidad Choucair, Diego enters 'Cucumber - SerenityBDD + Screenplay (WEB)' into Campo para ingresar el curso, Diego clicks on Dar click para buscar curso, Diego clicks on Seleccionar curso]], Then he finds the course called resources Cucumber - SerenityBDD + Screenplay (WEB)
| strCourse |
| Cucumber - SerenityBDD + Screenplay (WEB) | [Then answer]]
[Test worker] WARN net.thucydides.core.steps.BaseStepListener - Final testOutcomes: [Search for a automation course:Given the diego wants to learn automation at the academy Choucair
| strUser | strPassword |
| dmartinezb | Choucair2021* | [Diego open up [Diego opens the Choucair academy page], Diego login [Diego clicks on Boton para iniciar sesion, Diego enters 'dmartinezb' into Campo para ingresar usuario, Diego enters 'Choucair2021*' into Campo para ingresar la contraseÃ±a, Diego clicks on Boton de accder]], When he search for the course Cucumber - SerenityBDD + Screenplay (WEB) on the choucair academy platform
| strCourse |
| Cucumber - SerenityBDD + Screenplay (WEB) | [Diego search [Diego clicks on Selecciona Universidad Choucair, Diego enters 'Cucumber - SerenityBDD + Screenplay (WEB)' into Campo para ingresar el curso, Diego clicks on Dar click para buscar curso, Diego clicks on Seleccionar curso]], Then he finds the course called resources Cucumber - SerenityBDD + Screenplay (WEB)
| strCourse |
| Cucumber - SerenityBDD + Screenplay (WEB) | [Then answer]]
[Test worker] INFO net.thucydides.core.steps.ConsoleLoggingListener - 
        __    _____ _____ ____ _____   ____   _    ____  ____  _____ ____  
  _     \ \  |_   _| ____/ ___|_   _| |  _ \ / \  / ___|/ ___|| ____|  _ \ 
 (_)_____| |   | | |  _| \___ \ | |   | |_) / _ \ \___ \\___ \|  _| | | | |
  _|_____| |   | | | |___ ___) || |   |  __/ ___ \ ___) |___) | |___| |_| |
 (_)     | |   |_| |_____|____/ |_|   |_| /_/   \_\____/|____/|_____|____/ 
        /_/                                                                

TEST PASSED: Search for a automation course
----------------------------------------------------------------------------
]]></system-err>
</testsuite>
